<?xml version="1.0" encoding="UTF-8" ?>
<testsuite errors="0" failures="0" hostname="Samsung" name="medrecapp.Services.JaminanServiceTest" skipped="0" tests="4" time="1.932" timestamp="2014-01-20T05:40:32">
  <properties>
[...]
</properties>
  <testcase classname="medrecapp.Services.JaminanServiceTest" name="a_insertJaminan" time="1.333" />
  <testcase classname="medrecapp.Services.JaminanServiceTest" name="b_updateJaminan" time="0.098" />
  <testcase classname="medrecapp.Services.JaminanServiceTest" name="c_deleteJaminan" time="0.073" />
  <testcase classname="medrecapp.Services.JaminanServiceTest" name="d_getAllJaminan" time="0.003" />
  <system-out><![CDATA[1. serviceInsertJaminan
2. serviceUpdateJaminan
3. serviceDeleteJaminan
4. serviceGetAllJaminan
]]></system-out>
  <system-err><![CDATA[]]></system-err>
</testsuite>
